test_absolute (__main__.TestExercice) ... ok
test_factorial (__main__.TestExercice) ... FAIL
test_prefixes (__main__.TestExercice) ... ERROR
test_summation (__main__.TestExercice) ... FAIL
test_verify_ages (__main__.TestExercice) ... FAIL

======================================================================
ERROR: test_prefixes (__main__.TestExercice)
----------------------------------------------------------------------
Traceback (most recent call last):
  File "test_exercice.py", line 26, in test_prefixes
    output = exercice.use_prefixes()
  File "/home/runner/work/c04-ch5-exercices-Ohdrak/c04-ch5-exercices-Ohdrak/exercice.py", line 20, in use_prefixes
    word_list.append[pre + suffixe]
TypeError: 'builtin_function_or_method' object is not subscriptable

======================================================================
FAIL: test_factorial (__main__.TestExercice)
----------------------------------------------------------------------
Traceback (most recent call last):
  File "test_exercice.py", line 62, in test_factorial
    'Mauvaise réponse'
AssertionError: Lists differ: [0, 0, 0, 0] != [1, 6, 40320, 3628800]

First differing element 0:
0
1

- [0, 0, 0, 0]
+ [1, 6, 40320, 3628800] : Mauvaise réponse

======================================================================
FAIL: test_summation (__main__.TestExercice)
----------------------------------------------------------------------
Traceback (most recent call last):
  File "test_exercice.py", line 50, in test_summation
    'Mauvaise réponse'
AssertionError: 0 != 24133 : Mauvaise réponse

======================================================================
FAIL: test_verify_ages (__main__.TestExercice)
----------------------------------------------------------------------
Traceback (most recent call last):
  File "test_exercice.py", line 77, in test_verify_ages
    'Mauvaise réponse'
AssertionError: Lists differ: [] != [False, True, False, False, True, True, True, True, False]

Second list contains 9 additional elements.
First extra element 0:
False

- []
+ [False, True, False, False, True, True, True, True, False] : Mauvaise réponse

----------------------------------------------------------------------
Ran 5 tests in 0.001s

FAILED (failures=3, errors=1)
